<?xml version="1.0" encoding="UTF-8"?>
<!-- Generated by org.testng.reporters.JUnitReportReporter -->
<testsuite hostname="Sheetals-Laptop.local" failures="0" tests="1" name="com.mystore.testcases.SearchResultPageTest" time="4.598" errors="0" timestamp="2023-03-20T13:26:20 EDT" skipped="0">
  <testcase classname="com.mystore.testcases.SearchResultPageTest" name="verifyProductSearch" time="4.598"/>
  <system-out/>
</testsuite> <!-- com.mystore.testcases.SearchResultPageTest -->
