<?xml version="1.0" encoding="UTF-8"?>
<!-- Generated by org.testng.reporters.JUnitReportReporter -->
<testsuite hostname="Sheetals-Laptop.local" failures="0" tests="1" name="com.mystore.testcases.AddToCartPageTest" time="6.377" errors="0" timestamp="2023-03-20T13:26:20 EDT" skipped="0">
  <testcase classname="com.mystore.testcases.AddToCartPageTest" name="addToCartTest" time="6.377"/>
  <system-out/>
</testsuite> <!-- com.mystore.testcases.AddToCartPageTest -->
