<?xml version="1.0" encoding="UTF-8"?>
<!-- Generated by org.testng.reporters.JUnitReportReporter -->
<testsuite hostname="Sheetals-Laptop.local" failures="0" tests="3" name="com.mystore.testcases.HomePageTest" time="14.707" errors="0" timestamp="2023-03-20T13:26:20 EDT" skipped="0">
  <testcase classname="com.mystore.testcases.HomePageTest" name="verifyWelcomeMsg" time="4.877"/>
  <system-out/>
  <testcase classname="com.mystore.testcases.HomePageTest" name="verifyOrderHistoryIsDisplayed" time="4.893"/>
  <system-out/>
  <testcase classname="com.mystore.testcases.HomePageTest" name="verifyMyAddressesIsDisplayed" time="4.937"/>
  <system-out/>
</testsuite> <!-- com.mystore.testcases.HomePageTest -->
