<?xml version="1.0" encoding="UTF-8"?>
<!-- Generated by org.testng.reporters.JUnitReportReporter -->
<testsuite hostname="Sheetals-Laptop.local" failures="0" tests="1" name="com.mystore.testcases.CreateAccountPageTest" time="4.825" errors="0" timestamp="2023-03-20T13:26:20 EDT" skipped="0">
  <testcase classname="com.mystore.testcases.CreateAccountPageTest" name="verifyCreateAccountPageIsLaunched" time="4.825"/>
  <system-out/>
</testsuite> <!-- com.mystore.testcases.CreateAccountPageTest -->
