<?xml version="1.0" encoding="UTF-8"?>
<!-- Generated by org.testng.reporters.JUnitReportReporter -->
<testsuite hostname="Sheetals-Laptop.local" failures="0" tests="1" name="com.mystore.testcases.LoginPageTest" time="5.360" errors="0" timestamp="2023-03-20T13:26:20 EDT" skipped="0">
  <testcase classname="com.mystore.testcases.LoginPageTest" name="loginTest" time="5.360"/>
  <system-out/>
</testsuite> <!-- com.mystore.testcases.LoginPageTest -->
